info: cargo-llvm-cov currently setting cfg(coverage); you can opt-out it by passing --no-cfg-coverage
   Compiling bidmart-auction-service-rust v0.1.0 (/Users/muhammadaldofahrezy/Documents/College/Semester 4/3. ADPRO/1. TK/bidmart-project/bidmart-auction-service-rust)
warning: unused variable: `amount_cents`
   --> src/client/wallet_client.rs:338:9
    |
338 |         amount_cents: u64,
    |         ^^^^^^^^^^^^ help: if this is intentional, prefix it with an underscore: `_amount_cents`
    |
    = note: `#[warn(unused_variables)]` (part of `#[warn(unused)]`) on by default

warning: unused variable: `seller_id`
   --> src/client/wallet_client.rs:337:9
    |
337 |         seller_id: &str,
    |         ^^^^^^^^^ help: if this is intentional, prefix it with an underscore: `_seller_id`

warning: unused variable: `correlation_id`
   --> src/client/wallet_client.rs:339:9
    |
339 |         correlation_id: &str,
    |         ^^^^^^^^^^^^^^ help: if this is intentional, prefix it with an underscore: `_correlation_id`

warning: `bidmart-auction-service-rust` (lib test) generated 3 warnings (3 duplicates)
warning: `bidmart-auction-service-rust` (lib) generated 3 warnings (run `cargo fix --lib -p bidmart-auction-service-rust` to apply 3 suggestions)
warning: field `bidder_id` is never read
   --> src/bin/profile_bidding_naive.rs:103:5
    |
102 | struct Bid {
    |        --- field in this struct
103 |     bidder_id: String,
    |     ^^^^^^^^^
    |
    = note: `Bid` has derived impls for the traits `Clone` and `Debug`, but these are intentionally ignored during dead code analysis
    = note: `#[warn(dead_code)]` (part of `#[warn(unused)]`) on by default

warning: `bidmart-auction-service-rust` (bin "profile_bidding_naive" test) generated 1 warning
warning: unused import: `bidmart_auction_service_rust::persistence::repositories::OutboxRepository`
 --> src/main.rs:1:5
  |
1 | use bidmart_auction_service_rust::persistence::repositories::OutboxRepository;
  |     ^^^^^^^^^^^^^^^^^^^^^^^^^^^^^^^^^^^^^^^^^^^^^^^^^^^^^^^^^^^^^^^^^^^^^^^^^
  |
  = note: `#[warn(unused_imports)]` (part of `#[warn(unused)]`) on by default

warning: unused import: `bidmart_auction_service_rust::scheduler::auction_closure_scheduler::AuctionClosureScheduler`
 --> src/main.rs:2:5
  |
2 | use bidmart_auction_service_rust::scheduler::auction_closure_scheduler::AuctionClosureScheduler;
  |     ^^^^^^^^^^^^^^^^^^^^^^^^^^^^^^^^^^^^^^^^^^^^^^^^^^^^^^^^^^^^^^^^^^^^^^^^^^^^^^^^^^^^^^^^^^^

warning: unused import: `bidmart_auction_service_rust::scheduler::outbox_scheduler::OutboxScheduler`
 --> src/main.rs:3:5
  |
3 | use bidmart_auction_service_rust::scheduler::outbox_scheduler::OutboxScheduler;
  |     ^^^^^^^^^^^^^^^^^^^^^^^^^^^^^^^^^^^^^^^^^^^^^^^^^^^^^^^^^^^^^^^^^^^^^^^^^^

warning: unused import: `bidmart_auction_service_rust::scheduler::rabbitmq_outbox_publisher::RabbitMqOutboxPublisher`
 --> src/main.rs:4:5
  |
4 | use bidmart_auction_service_rust::scheduler::rabbitmq_outbox_publisher::RabbitMqOutboxPublisher;
  |     ^^^^^^^^^^^^^^^^^^^^^^^^^^^^^^^^^^^^^^^^^^^^^^^^^^^^^^^^^^^^^^^^^^^^^^^^^^^^^^^^^^^^^^^^^^^

warning: unused imports: `resolve_auction_closure_interval_ms`, `resolve_bind_address`, `resolve_database_url`, `resolve_events_exchange`, `resolve_outbox_interval_ms`, and `resolve_rabbitmq_url`
 --> src/main.rs:6:5
  |
6 |     resolve_auction_closure_interval_ms, resolve_bind_address, resolve_database_url,
  |     ^^^^^^^^^^^^^^^^^^^^^^^^^^^^^^^^^^^  ^^^^^^^^^^^^^^^^^^^^  ^^^^^^^^^^^^^^^^^^^^
7 |     resolve_events_exchange, resolve_outbox_interval_ms, resolve_rabbitmq_url,
  |     ^^^^^^^^^^^^^^^^^^^^^^^  ^^^^^^^^^^^^^^^^^^^^^^^^^^  ^^^^^^^^^^^^^^^^^^^^

warning: unused imports: `build_router`, `connect_pool`, and `run_migrations`
  --> src/main.rs:10:5
   |
10 |     build_router, connect_pool, run_migrations,
   |     ^^^^^^^^^^^^  ^^^^^^^^^^^^  ^^^^^^^^^^^^^^

warning: unused import: `dotenvy::from_path`
  --> src/main.rs:12:5
   |
12 | use dotenvy::from_path;
   |     ^^^^^^^^^^^^^^^^^^

warning: unused import: `std::time::Duration`
  --> src/main.rs:13:5
   |
13 | use std::time::Duration;
   |     ^^^^^^^^^^^^^^^^^^^

warning: unused import: `tokio::net::TcpListener`
  --> src/main.rs:14:5
   |
14 | use tokio::net::TcpListener;
   |     ^^^^^^^^^^^^^^^^^^^^^^^

warning: `bidmart-auction-service-rust` (bin "bidmart-auction-service-rust" test) generated 9 warnings (run `cargo fix --bin "bidmart-auction-service-rust" -p bidmart-auction-service-rust --tests` to apply 9 suggestions)
warning: `bidmart-auction-service-rust` (bin "profile_bidding_naive") generated 1 warning (1 duplicate)
warning: fields `bidder_id` and `placed_at` are never read
  --> tests/profile_bidding_comparison_tests.rs:20:5
   |
19 | struct NaiveBid {
   |        -------- fields in this struct
20 |     bidder_id: String,
   |     ^^^^^^^^^
21 |     amount_cents: u64,
22 |     placed_at: u64,
   |     ^^^^^^^^^
   |
   = note: `NaiveBid` has derived impls for the traits `Clone` and `Debug`, but these are intentionally ignored during dead code analysis
   = note: `#[warn(dead_code)]` (part of `#[warn(unused)]`) on by default

warning: `bidmart-auction-service-rust` (test "profile_bidding_comparison_tests") generated 1 warning
    Finished `test` profile [unoptimized + debuginfo] target(s) in 25.74s
warning: the following packages contain code that will be rejected by a future version of Rust: sqlx-postgres v0.7.4
note: to see what the problems were, use the option `--future-incompat-report`, or run `cargo report future-incompatibilities --id 1`
     Running unittests src/lib.rs (target/llvm-cov-target/debug/deps/bidmart_auction_service_rust-1aa304e242a6902b)

running 53 tests
test http::dto::tests::cents_to_dec ... ok
test http::dto::tests::dec_to_cents ... ok
test http::dto::tests::auction_resp_from ... ok
test http::dto::tests::bid_resp_from ... ok
test http::dto::tests::auction_resp_no_bid ... ok
test http::dto::tests::place_bid_req_cents ... ok
test http::dto::tests::place_bid_req_dec ... ok
test http::dto::tests::proxy_bid_req_cents ... ok
test http::dto::tests::proxy_bid_req_dec ... ok
test http::dto::tests::resolve_bad_rfc ... ok
test http::dto::tests::resolve_int ... ok
test http::dto::tests::resolve_none ... ok
test http::dto::tests::resolve_rfc ... ok
test http::dto::tests::rfc3339_valid ... ok
test http::dto::tests::try_into_decimal_fallback ... ok
test http::dto::tests::try_into_full_cents ... ok
test http::dto::tests::try_into_missing_increment ... ok
test http::dto::tests::try_into_missing_listing ... ok
test http::dto::tests::try_into_missing_reserve ... ok
test http::dto::tests::try_into_missing_seller ... ok
test http::dto::tests::try_into_missing_starting ... ok
test service::auction_service::tests::bid_cursor_page_fields ... ok
test service::auction_service::tests::biddable_active ... ok
test service::auction_service::tests::biddable_ext ... ok
test service::auction_service::tests::biddable_ci ... ok
test service::auction_service::tests::cursor_bad_amt ... ok
test service::auction_service::tests::cursor_bad_time ... ok
test service::auction_service::tests::cursor_colons_in_id ... ok
test service::auction_service::tests::cursor_empty_id ... ok
test service::auction_service::tests::cursor_missing_id ... ok
test service::auction_service::tests::cursor_ok ... ok
test service::auction_service::tests::cursor_roundtrip ... ok
test service::auction_service::tests::error_display ... ok
test service::auction_service::tests::not_biddable_closed ... ok
test service::auction_service::tests::not_biddable_draft ... ok
test service::auction_service::tests::not_biddable_empty ... ok
test service::auction_service::tests::status_active ... ok
test service::auction_service::tests::status_active_eq ... ok
test service::auction_service::tests::status_draft ... ok
test service::auction_service::tests::validate_empty_listing ... ok
test service::auction_service::tests::validate_empty_seller ... ok
test service::auction_service::tests::validate_empty_type ... ok
test service::auction_service::tests::validate_end_before ... ok
test service::auction_service::tests::validate_end_eq ... ok
test service::auction_service::tests::validate_end_not_future ... ok
test service::auction_service::tests::validate_neg_price ... ok
test service::auction_service::tests::validate_ok ... ok
test service::auction_service::tests::validate_reserve_below ... ok
test service::auction_service::tests::validate_reserve_eq ... ok
test service::auction_service::tests::validate_start_allows_publish_clock_skew ... ok
test service::auction_service::tests::validate_start_in_past ... ok
test service::auction_service::tests::validate_zero_incr ... ok
test service::auction_service::tests::validate_zero_price ... ok

test result: ok. 53 passed; 0 failed; 0 ignored; 0 measured; 0 filtered out; finished in 0.00s

     Running unittests src/main.rs (target/llvm-cov-target/debug/deps/bidmart_auction_service_rust-989867c89a50ec0a)

running 0 tests

test result: ok. 0 passed; 0 failed; 0 ignored; 0 measured; 0 filtered out; finished in 0.00s

     Running unittests src/bin/profile_bidding.rs (target/llvm-cov-target/debug/deps/profile_bidding-09e9225c79e4b6f0)

running 1 test
test tests::run_profile_accepts_all_bids ... ok

test result: ok. 1 passed; 0 failed; 0 ignored; 0 measured; 0 filtered out; finished in 0.00s

     Running unittests src/bin/profile_bidding_naive.rs (target/llvm-cov-target/debug/deps/profile_bidding_naive-a8eeb0036f1dba64)

running 3 tests
test tests::determine_outcome_unsold_without_bids ... ok
test tests::place_bid_rejects_non_active_status ... ok
test tests::run_profile_accepts_all_bids ... ok

test result: ok. 3 passed; 0 failed; 0 ignored; 0 measured; 0 filtered out; finished in 0.00s

     Running tests/api_tests.rs (target/llvm-cov-target/debug/deps/api_tests-6f6b4e2868770ad8)

running 22 tests
test api_v1_create_auction_rejects_unsupported_future_auction_type ... ok
test api_v1_create_auction_rejects_recognized_but_disabled_auction_type ... ok
test api_v1_create_auction_rejects_conflicting_gateway_seller_header ... ok
test api_v1_create_auction_accepts_gateway_payload_and_persists_cents ... ok
test api_v1_create_auction_uses_trusted_gateway_user_header ... ok
test api_v1_create_auction_accepts_frontend_numeric_camel_case_timestamps ... ok
test api_v1_close_auction_marks_won_when_reserve_is_met ... ok
test api_rejects_client_timestamp_spoofing_by_using_server_time ... ok
test api_v1_list_auctions_returns_gateway_compatible_page ... ok
test api_v1_get_auction_by_id_returns_gateway_compatible_response ... ok
test api_v1_pending_closure_returns_expired_unprocessed_auctions ... ok
test api_v1_place_bid_rejects_conflicting_gateway_bidder_header ... ok
test api_v1_place_bid_rejects_seller_bidding_own_auction ... ok
test api_v1_place_proxy_bid_rejects_seller_bidding_own_auction ... ok
test get_auction_by_id_returns_auction_response ... ok
test api_v1_place_bid_uses_trusted_gateway_user_header ... ok
test create_auction_returns_created_auction_response ... ok
test api_v1_place_bid_accepts_gateway_payload_and_returns_gateway_response ... ok
test list_bids_cursor_returns_paginated_bid_history ... ok
test list_bids_returns_bid_history_for_auction ... ok
test place_bid_returns_created_bid_response_and_enqueues_outbox_event ... ok
test place_proxy_bid_places_increment_over_current_winner ... ok

test result: ok. 22 passed; 0 failed; 0 ignored; 0 measured; 0 filtered out; finished in 0.07s

     Running tests/architecture_documentation_tests.rs (target/llvm-cov-target/debug/deps/architecture_documentation_tests-b19fe39556ea345b)

running 1 test
test production_readiness_document_covers_remaining_auction_decisions ... ok

test result: ok. 1 passed; 0 failed; 0 ignored; 0 measured; 0 filtered out; finished in 0.00s

     Running tests/auction_closure_scheduler_tests.rs (target/llvm-cov-target/debug/deps/auction_closure_scheduler_tests-1589db530d66ca38)

running 2 tests
test close_pending_returns_empty_report_when_no_auctions ... ok
test closure_scheduler_closes_expired_unprocessed_auctions ... ok

test result: ok. 2 passed; 0 failed; 0 ignored; 0 measured; 0 filtered out; finished in 0.01s

     Running tests/auction_place_bid.rs (target/llvm-cov-target/debug/deps/auction_place_bid-fdb2d8bfc21a836b)

running 21 tests
test accept_first_bid_at_starting_price ... ok
test accept_outbid_and_return_previous_bid ... ok
test active_status_after_activation ... ok
test auction_cannot_be_reactivated ... ok
test determine_unsold_when_no_bids ... ok
test determine_unsold_when_reserve_not_met ... ok
test determine_won_when_reserve_met_after_end ... ok
test draft_status_on_creation ... ok
test extend_auction_when_bid_in_last_two_minutes ... ok
test extended_status_when_bid_in_anti_snipe_window ... ok
test proxy_bid_places_minimum_valid_amount ... ok
test proxy_bid_rejects_when_max_is_below_minimum ... ok
test reject_activation_before_start ... ok
test reject_bid_after_end_time ... ok
test reject_bid_before_start_even_if_active ... ok
test reject_bid_when_cancelled ... ok
test reject_bid_below_minimum_increment ... ok
test reject_bid_when_scheduled ... ok
test reject_self_bidding ... ok
test unlimited_extensions_per_spec ... ok
test remains_active_when_bid_not_in_anti_snipe_window ... ok

test result: ok. 21 passed; 0 failed; 0 ignored; 0 measured; 0 filtered out; finished in 0.00s

     Running tests/auction_strategy_tests.rs (target/llvm-cov-target/debug/deps/auction_strategy_tests-aafc10030ad8cb14)

running 17 tests
test english_strategy_validates_successfully ... ok
test multi_slot_strategy_returns_unsupported_error ... ok
test parse_english_type_lowercase ... ok
test parse_english_type_default ... ok
test parse_english_type_explicit ... ok
test enterprise_strategy_returns_unsupported_error ... ok
test parse_english_type_with_whitespace ... ok
test parse_enterprise_type ... ok
test parse_multi_slot_regional_type ... ok
test parse_multi_slot_type ... ok
test parse_scholarship_type ... ok
test parse_unknown_type_returns_error ... ok
test scholarship_strategy_returns_unsupported_error ... ok
test storage_value_english ... ok
test storage_value_enterprise ... ok
test storage_value_multi_slot ... ok
test storage_value_scholarship ... ok

test result: ok. 17 passed; 0 failed; 0 ignored; 0 measured; 0 filtered out; finished in 0.00s

     Running tests/bid_concurrency_tests.rs (target/llvm-cov-target/debug/deps/bid_concurrency_tests-0e5ee515c95d328b)

running 4 tests
test concurrent_proxy_bids_across_instances_resolve_deterministically ... ok
test proxy_bid_auto_counters_later_standard_bid ... ok
test separate_service_instances_do_not_overwrite_highest_bid_with_stale_state ... ok
test concurrent_bids_on_same_auction_do_not_overwrite_highest_bid_with_stale_state ... ok

test result: ok. 4 passed; 0 failed; 0 ignored; 0 measured; 0 filtered out; finished in 0.07s

     Running tests/bid_policy_tests.rs (target/llvm-cov-target/debug/deps/bid_policy_tests-afb608ad7fa1bdcb)

running 25 tests
test amount_policy_accepts_exact_increment ... ok
test amount_policy_accepts_increment_above_previous ... ok
test amount_policy_rejects_below_starting_price ... ok
test amount_policy_accepts_starting_price_with_no_bids ... ok
test amount_policy_rejects_below_increment ... ok
test identity_policy_accepts_different_bidder_when_winner_exists ... ok
test identity_policy_accepts_different_bidder ... ok
test identity_policy_rejects_current_winner_bidding_again ... ok
test identity_policy_rejects_seller_bidding ... ok
test time_policy_accepts_bid_in_active_window ... ok
test time_policy_accepts_bid_in_extended_status ... ok
test time_policy_maps_ended_to_closed ... ok
test time_policy_maps_scheduled_to_draft ... ok
test time_policy_maps_unknown_status_to_draft ... ok
test time_policy_rejects_bid_at_exact_end ... ok
test time_policy_rejects_bid_before_start ... ok
test time_policy_rejects_bid_well_after_end ... ok
test time_policy_rejects_cancelled_auction ... ok
test time_policy_rejects_closed_auction ... ok
test time_policy_rejects_draft_auction ... ok
test time_policy_rejects_unsold_auction ... ok
test wallet_policy_accepts_positive_amount ... ok
test wallet_policy_rejects_negative ... ok
test wallet_policy_rejects_zero ... ok
test time_policy_rejects_won_auction ... ok

test result: ok. 25 passed; 0 failed; 0 ignored; 0 measured; 0 filtered out; finished in 0.00s

     Running tests/catalog_http_client_tests.rs (target/llvm-cov-target/debug/deps/catalog_http_client_tests-18e0544014930ef5)

running 6 tests
test grpc_catalog_client_rejects_empty_endpoint ... ok
test grpc_catalog_client_returns_network_error_when_unavailable ... ok
test http_catalog_client_fetches_listing_summary_from_catalogue_api ... ok
test http_catalog_client_returns_service_error ... ok
test http_catalog_client_returns_error_on_invalid_json ... ok
test http_catalog_client_returns_not_found_error ... ok

test result: ok. 6 passed; 0 failed; 0 ignored; 0 measured; 0 filtered out; finished in 0.01s

     Running tests/catalog_integration_tests.rs (target/llvm-cov-target/debug/deps/catalog_integration_tests-21a39a751f8fb03e)

running 5 tests
test create_auction_rejects_inactive_catalog_listing ... ok
test create_auction_rejects_catalog_seller_mismatch ... ok
test create_auction_accepts_active_catalog_listing_for_matching_seller ... ok
test place_bid_rejects_inactive_catalog_listing ... ok
test place_bid_accepts_catalog_listing_after_extended_lifecycle ... ok

test result: ok. 5 passed; 0 failed; 0 ignored; 0 measured; 0 filtered out; finished in 0.01s

     Running tests/client_error_tests.rs (target/llvm-cov-target/debug/deps/client_error_tests-0d67b33ebbb29e97)

running 21 tests
test catalog_grpc_client_empty_endpoint ... ok
test catalog_error_not_found_display ... ok
test catalog_error_network_display ... ok
test catalog_grpc_client_whitespace_endpoint ... ok
test catalog_error_service_display ... ok
test http_catalog_client_invalid_url ... ok
test catalog_grpc_client_valid_endpoint ... ok
test http_catalog_client_valid_url ... ok
test http_wallet_client_invalid_url ... ok
test http_wallet_client_https_rejected ... ok
test http_wallet_client_valid_url ... ok
test wallet_error_service_display ... ok
test wallet_error_network_display ... ok
test wallet_error_insufficient_balance_display ... ok
test wallet_grpc_client_empty_endpoint ... ok
test wallet_grpc_client_valid_endpoint ... ok
test wallet_grpc_client_whitespace_endpoint ... ok
test grpc_catalog_fails_on_unreachable_server ... ok
test grpc_wallet_convert_fails_on_unreachable_server ... ok
test grpc_wallet_release_fails_on_unreachable_server ... ok
test grpc_wallet_hold_fails_on_unreachable_server ... ok

test result: ok. 21 passed; 0 failed; 0 ignored; 0 measured; 0 filtered out; finished in 0.01s

     Running tests/close_strategy_tests.rs (target/llvm-cov-target/debug/deps/close_strategy_tests-6f28e4578bcdb209)

running 2 tests
test english_reserve_close_delegates_to_session_outcome ... ok
test default_close_strategy_returns_unsold_when_reserve_not_met ... ok

test result: ok. 2 passed; 0 failed; 0 ignored; 0 measured; 0 filtered out; finished in 0.00s

     Running tests/config_tests.rs (target/llvm-cov-target/debug/deps/config_tests-838b76dead23b068)

running 6 tests
test resolve_auction_closure_interval_default ... ok
test resolve_database_url_default ... ok
test resolve_bind_address_default ... ok
test resolve_events_exchange_default ... ok
test resolve_outbox_interval_default ... ok
test resolve_rabbitmq_url_default ... ok

test result: ok. 6 passed; 0 failed; 0 ignored; 0 measured; 0 filtered out; finished in 0.00s

     Running tests/domain_model_tests.rs (target/llvm-cov-target/debug/deps/domain_model_tests-44906bca067f4807)

running 36 tests
test accessors_return_correct_values ... ok
test activate_already_active_is_noop ... ok
test activate_cancelled_returns_error ... ok
test activate_closed_session_returns_already_ended ... ok
test activate_draft_to_active ... ok
test activate_past_end_time_transitions_to_closed ... ok
test activate_too_early_returns_error ... ok
test activate_unsold_session_returns_already_ended ... ok
test activate_won_session_returns_already_ended ... ok
test bid_error_display_messages ... ok
test bid_near_end_triggers_extension ... ok
test bid_not_near_end_does_not_extend ... ok
test cancel_transitions_to_cancelled ... ok
test close_sets_closed_status ... ok
test determine_outcome_unsold_when_bid_below_reserve ... ok
test determine_outcome_unsold_when_no_bids ... ok
test determine_outcome_won_when_bid_above_reserve ... ok
test determine_outcome_won_when_bid_equals_reserve ... ok
test money_add ... ok
test money_add_assign ... ok
test money_ordering ... ok
test new_session_starts_in_draft_status ... ok
test place_bid_increments_properly ... ok
test place_bid_rejects_after_end_and_closes ... ok
test place_bid_rejects_before_start ... ok
test place_bid_rejects_below_minimum ... ok
test place_bid_rejects_current_winner_rebid ... ok
test place_bid_rejects_draft_auction ... ok
test place_bid_rejects_seller_bidding ... ok
test place_bid_succeeds_on_active_auction ... ok
test place_bid_succeeds_on_extended_auction ... ok
test proxy_bid_rejects_when_max_below_minimum ... ok
test proxy_bid_uses_minimum_required_amount ... ok
test unix_seconds_add_secs ... ok
test unlimited_extensions_allowed ... ok
test with_status_preserves_given_status ... ok

test result: ok. 36 passed; 0 failed; 0 ignored; 0 measured; 0 filtered out; finished in 0.00s

     Running tests/load_performance_harness_tests.rs (target/llvm-cov-target/debug/deps/load_performance_harness_tests-c8c7d2f78d36a35f)

running 1 test
test run_seeded_bidding_load_harness ... ignored, manual load harness

test result: ok. 0 passed; 0 failed; 1 ignored; 0 measured; 0 filtered out; finished in 0.00s

     Running tests/metrics_tests.rs (target/llvm-cov-target/debug/deps/metrics_tests-f57e23bedb621a46)

running 11 tests
test apdex_frustrated_for_very_slow_request ... ok
test apdex_satisfied_for_boundary_500ms ... ok
test apdex_satisfied_for_fast_request ... ok
test histogram_buckets_populated_correctly_for_5ms ... ok
test latency_sum_accumulates ... ok
test histogram_inf_bucket_always_incremented ... ok
test record_request_error_increments_error_counter ... ok
test per_endpoint_counters_increment_independently ... ok
test apdex_tolerating_for_slow_request ... ok
test record_request_increments_total ... ok
test record_request_non_error_does_not_increment_error ... ok

test result: ok. 11 passed; 0 failed; 0 ignored; 0 measured; 0 filtered out; finished in 0.00s

     Running tests/outbox_event_envelope_tests.rs (target/llvm-cov-target/debug/deps/outbox_event_envelope_tests-cd2332565aa2d579)

running 16 tests
test envelope_parses_json_payload_as_object ... ok
test envelope_includes_created_at ... ok
test envelope_handles_numeric_payload ... ok
test envelope_handles_array_payload ... ok
test envelope_event_type_uses_routing_key_not_domain_type ... ok
test envelope_handles_empty_payload ... ok
test envelope_handles_nested_json_payload ... ok
test envelope_contains_event_id_and_aggregate_id ... ok
test routing_key_auction_created ... ok
test routing_key_auction_ended ... ok
test envelope_treats_invalid_json_payload_as_string ... ok
test routing_key_empty_passes_through ... ok
test envelope_version_is_always_one ... ok
test routing_key_outbid ... ok
test routing_key_bid_placed ... ok
test routing_key_unknown_passes_through ... ok

test result: ok. 16 passed; 0 failed; 0 ignored; 0 measured; 0 filtered out; finished in 0.00s

     Running tests/outbox_scheduler_tests.rs (target/llvm-cov-target/debug/deps/outbox_scheduler_tests-9cb439a3f08a606b)

running 3 tests
test http_outbox_publisher_posts_event_to_relay_transport ... ok
test publish_pending_marks_successes_and_keeps_failures_pending ... ok
test spawned_outbox_scheduler_publishes_pending_events ... ok

test result: ok. 3 passed; 0 failed; 0 ignored; 0 measured; 0 filtered out; finished in 0.07s

     Running tests/persistence_tests.rs (target/llvm-cov-target/debug/deps/persistence_tests-f755fcfb3dc6918a)

running 4 tests
test test_insert_and_find_auction ... ok
test test_outbox_insert_list_and_mark_published ... ok
test test_insert_and_list_bids ... ok
test test_winning_bid_tie_breaks_equal_amount_and_time_by_bid_id ... ok

test result: ok. 4 passed; 0 failed; 0 ignored; 0 measured; 0 filtered out; finished in 0.02s

     Running tests/platform_connection_tests.rs (target/llvm-cov-target/debug/deps/platform_connection_tests-1b946d46ca767b09)

running 3 tests
test api_docs_describe_rust_auction_service_as_http_connected ... ok
test dockerfile_uses_rust_builder_supported_by_locked_dependencies ... ok
test runtime_database_layer_supports_postgresql_urls_from_compose ... ok

test result: ok. 3 passed; 0 failed; 0 ignored; 0 measured; 0 filtered out; finished in 0.00s

     Running tests/profile_bidding_comparison_tests.rs (target/llvm-cov-target/debug/deps/profile_bidding_comparison_tests-3338e28b0cf7f7d3)

running 1 test
test profile_bidding_comparison_naive_vs_optimized ... ok

test result: ok. 1 passed; 0 failed; 0 ignored; 0 measured; 0 filtered out; finished in 0.61s

     Running tests/rabbitmq_outbox_publisher_tests.rs (target/llvm-cov-target/debug/deps/rabbitmq_outbox_publisher_tests-1673af56c28d1568)

running 5 tests
test event_type_to_routing_key_maps_known_types ... ok
test build_event_envelope_handles_plain_payload ... ok
test build_event_envelope_handles_json_payload ... ok
test publisher_fn_propagates_publish_error ... ok
test publish_returns_error_on_bad_connection ... ok

test result: ok. 5 passed; 0 failed; 0 ignored; 0 measured; 0 filtered out; finished in 0.01s

     Running tests/rabbitmq_publisher_tests.rs (target/llvm-cov-target/debug/deps/rabbitmq_publisher_tests-6c1a56cbafb2089b)

running 10 tests
test routing_key_auction_ended ... ok
test build_envelope_with_invalid_json_falls_back_to_string ... ok
test build_envelope_with_empty_payload ... ok
test routing_key_auction_created ... ok
test build_envelope_with_json_payload ... ok
test rabbitmq_publisher_new_creates_instance ... ok
test routing_key_bid_placed ... ok
test routing_key_unknown_passes_through ... ok
test routing_key_outbid ... ok
test rabbitmq_publisher_publish_fails_when_no_connection ... ok

test result: ok. 10 passed; 0 failed; 0 ignored; 0 measured; 0 filtered out; finished in 0.02s

     Running tests/router_error_tests.rs (target/llvm-cov-target/debug/deps/router_error_tests-ca1fb899b0a04c3f)

running 19 tests
test api_error_bad_request_creates_400 ... ok
test api_error_forbidden_creates_403 ... ok
test close_not_found_maps_to_404 ... ok
test close_wallet_error_maps_to_402 ... ok
test create_auction_database_error_maps_to_500 ... ok
test api_error_not_found_creates_404 ... ok
test close_db_error_maps_to_500 ... ok
test create_auction_invalid_input_maps_to_400 ... ok
test close_not_ended_maps_to_400 ... ok
test get_auction_db_error_maps_to_500 ... ok
test list_auctions_db_error_maps_to_500 ... ok
test list_bids_db_error_maps_to_500 ... ok
test pending_closure_db_error_maps_to_500 ... ok
test list_bids_invalid_input_maps_to_400 ... ok
test place_bid_bid_error_maps_to_400 ... ok
test place_bid_catalog_error_maps_to_400 ... ok
test place_bid_db_error_maps_to_500 ... ok
test place_bid_not_found_maps_to_404 ... ok
test place_bid_wallet_error_maps_to_402 ... ok

test result: ok. 19 passed; 0 failed; 0 ignored; 0 measured; 0 filtered out; finished in 0.00s

     Running tests/scheduler_unit_tests.rs (target/llvm-cov-target/debug/deps/scheduler_unit_tests-85055b112d565264)

running 8 tests
test auction_closure_report_struct ... ok
test closure_scheduler_error_display ... ok
test outbox_publish_error_debug ... ok
test http_outbox_publisher_invalid_url ... ok
test outbox_publish_error_display ... ok
test outbox_publish_report_struct ... ok
test outbox_scheduler_error_display ... ok
test http_outbox_publisher_valid_url ... ok

test result: ok. 8 passed; 0 failed; 0 ignored; 0 measured; 0 filtered out; finished in 0.00s

     Running tests/security_headers_tests.rs (target/llvm-cov-target/debug/deps/security_headers_tests-c62cf88ff03773d7)

running 2 tests
test responses_contain_security_headers ... ok
test metrics_endpoint_returns_prometheus_format ... ok

test result: ok. 2 passed; 0 failed; 0 ignored; 0 measured; 0 filtered out; finished in 0.01s

     Running tests/server_tests.rs (target/llvm-cov-target/debug/deps/server_tests-b7d1a96b3ed7f89e)

running 9 tests
test catalog_client_from_url_skips_catalog_client_when_unconfigured ... ok
test wallet_client_from_url_skips_wallet_client_when_unconfigured ... ok
test wallet_client_from_endpoints_prefers_http_wallet_client_when_both_configured ... ok
test wallet_client_from_url_builds_http_wallet_client_when_configured ... ok
test catalog_client_from_url_builds_http_catalog_client_when_configured ... ok
test catalog_client_from_endpoints_falls_back_to_http_when_grpc_missing ... ok
test wallet_client_from_endpoints_falls_back_to_http_when_grpc_missing ... ok
test catalog_client_from_endpoints_prefers_grpc_catalog_client_when_configured ... ok
test build_router_wires_service_repositories_into_http_app ... ok

test result: ok. 9 passed; 0 failed; 0 ignored; 0 measured; 0 filtered out; finished in 0.01s

     Running tests/service_tests.rs (target/llvm-cov-target/debug/deps/service_tests-ede9ad4773ea2d50)

running 12 tests
test test_place_bid_rejects_bid_below_starting_price ... ok
test close_auction_unsold_publishes_auction_ended_without_winner_id ... ok
test close_auction_publishes_auction_ended_outbox_event ... ok
test place_bid_retry_with_same_bid_details_is_idempotent ... ok
test test_place_bid_triggers_anti_sniping_extension ... ok
test test_place_bid_rejects_seller_bidding ... ok
test test_place_bid_rejects_bid_below_previous_plus_increment ... ok
test place_bid_publishes_outbid_event_when_previous_bidder_outbid ... ok
test test_place_proxy_bid_rejects_seller_bidding ... ok
test test_service_place_bid_on_nonexistent_auction ... ok
test test_service_place_bid ... ok
test test_service_get_auction_with_bids ... ok

test result: ok. 12 passed; 0 failed; 0 ignored; 0 measured; 0 filtered out; finished in 0.04s

     Running tests/wallet_http_client_tests.rs (target/llvm-cov-target/debug/deps/wallet_http_client_tests-edbd69278f5a0158)

running 7 tests
test grpc_wallet_client_rejects_empty_endpoint ... ok
test http_wallet_client_returns_error_on_invalid_json ... ok
test http_wallet_client_reports_insufficient_balance ... ok
test http_wallet_client_posts_hold_request_to_wallet_api ... ok
test grpc_wallet_client_returns_network_error_when_unavailable ... ok
test http_wallet_client_release_and_convert_failures ... ok
test http_wallet_client_release_and_convert_success ... ok

test result: ok. 7 passed; 0 failed; 0 ignored; 0 measured; 0 filtered out; finished in 0.01s

     Running tests/wallet_integration_tests.rs (target/llvm-cov-target/debug/deps/wallet_integration_tests-10d86746021997e3)

running 6 tests
test test_place_bid_releases_wallet_hold_when_bid_persistence_fails ... ok
test test_place_bid_rejected_when_wallet_insufficient_balance ... ok
test test_place_bid_holds_funds_from_wallet ... ok
test test_close_unsold_auction_releases_all_holds ... ok
test test_close_won_auction_converts_winning_hold ... ok
test test_place_bid_persists_hold_id_and_releases_previous_highest_hold ... ok

test result: ok. 6 passed; 0 failed; 0 ignored; 0 measured; 0 filtered out; finished in 0.02s

Filename                                   Regions    Missed Regions     Cover   Functions  Missed Functions  Executed       Lines      Missed Lines     Cover    Branches   Missed Branches     Cover
------------------------------------------------------------------------------------------------------------------------------------------------------------------------------------------------------
bin/profile_bidding.rs                          71                31    56.34%           4                 2    50.00%          51                20    60.78%           0                 0         -
bin/profile_bidding_naive.rs                   158                46    70.89%           9                 2    77.78%         120                28    76.67%           0                 0         -
client/catalog_client.rs                        55                19    65.45%          10                 3    70.00%          37                11    70.27%           0                 0         -
client/http_service_client.rs                  149                26    82.55%          17                 7    58.82%         114                20    82.46%           0                 0         -
client/wallet_client.rs                        115                50    56.52%          28                13    53.57%          78                30    61.54%           0                 0         -
config.rs                                       52                 7    86.54%          16                 4    75.00%          42                 4    90.48%           0                 0         -
http/dto.rs                                    442                11    97.51%          51                 3    94.12%         205                 6    97.07%           0                 0         -
http/router.rs                                 531                35    93.41%          46                 4    91.30%         445                27    93.93%           0                 0         -
listing_auction_session.rs                     207                 0   100.00%          31                 0   100.00%         235                 0   100.00%           0                 0         -
main.rs                                         65                65     0.00%           3                 3     0.00%          27                27     0.00%           0                 0         -
persistence/models.rs                          167                45    73.05%          12                 4    66.67%          78                 7    91.03%           0                 0         -
persistence/repositories.rs                    332                18    94.58%          48                 2    95.83%         420                32    92.38%           0                 0         -
scheduler/auction_closure_scheduler.rs          32                18    43.75%           5                 2    60.00%          33                15    54.55%           0                 0         -
scheduler/outbox_scheduler.rs                  110                19    82.73%          15                 5    66.67%         102                11    89.22%           0                 0         -
scheduler/rabbitmq_outbox_publisher.rs         141                56    60.28%          16                 4    75.00%         102                37    63.73%           0                 0         -
server.rs                                      157                32    79.62%          16                 3    81.25%          90                13    85.56%           0                 0         -
service/auction_service.rs                    1676               257    84.67%         163                56    65.64%        1157               106    90.84%           0                 0         -
service/auction_strategy.rs                     38                 0   100.00%           5                 0   100.00%          40                 0   100.00%           0                 0         -
service/bid_policies.rs                         68                 0   100.00%           7                 0   100.00%          72                 0   100.00%           0                 0         -
service/close_strategy.rs                        7                 0   100.00%           2                 0   100.00%           6                 0   100.00%           0                 0         -
------------------------------------------------------------------------------------------------------------------------------------------------------------------------------------------------------
TOTAL                                         4573               735    83.93%         504               117    76.79%        3454               394    88.59%           0                 0         -
