   Compiling bidmart-auction-service-rust v0.1.0 (/Users/muhammadaldofahrezy/Documents/College/Semester 4/3. ADPRO/1. TK/bidmart-project/bidmart-auction-service-rust)
warning: unused variable: `amount_cents`
   --> src/client/wallet_client.rs:338:9
    |
338 |         amount_cents: u64,
    |         ^^^^^^^^^^^^ help: if this is intentional, prefix it with an underscore: `_amount_cents`
    |
    = note: `#[warn(unused_variables)]` (part of `#[warn(unused)]`) on by default

warning: unused variable: `seller_id`
   --> src/client/wallet_client.rs:337:9
    |
337 |         seller_id: &str,
    |         ^^^^^^^^^ help: if this is intentional, prefix it with an underscore: `_seller_id`

warning: unused variable: `correlation_id`
   --> src/client/wallet_client.rs:339:9
    |
339 |         correlation_id: &str,
    |         ^^^^^^^^^^^^^^ help: if this is intentional, prefix it with an underscore: `_correlation_id`

warning: `bidmart-auction-service-rust` (lib) generated 3 warnings (run `cargo fix --lib -p bidmart-auction-service-rust` to apply 3 suggestions)
warning: `bidmart-auction-service-rust` (lib test) generated 3 warnings (3 duplicates)
warning: fields `bidder_id` and `placed_at` are never read
  --> tests/profile_bidding_comparison_tests.rs:20:5
   |
19 | struct NaiveBid {
   |        -------- fields in this struct
20 |     bidder_id: String,
   |     ^^^^^^^^^
21 |     amount_cents: u64,
22 |     placed_at: u64,
   |     ^^^^^^^^^
   |
   = note: `NaiveBid` has derived impls for the traits `Clone` and `Debug`, but these are intentionally ignored during dead code analysis
   = note: `#[warn(dead_code)]` (part of `#[warn(unused)]`) on by default

warning: `bidmart-auction-service-rust` (test "profile_bidding_comparison_tests") generated 1 warning
warning: field `bidder_id` is never read
   --> src/bin/profile_bidding_naive.rs:103:5
    |
102 | struct Bid {
    |        --- field in this struct
103 |     bidder_id: String,
    |     ^^^^^^^^^
    |
    = note: `Bid` has derived impls for the traits `Clone` and `Debug`, but these are intentionally ignored during dead code analysis
    = note: `#[warn(dead_code)]` (part of `#[warn(unused)]`) on by default

warning: `bidmart-auction-service-rust` (bin "profile_bidding_naive") generated 1 warning
warning: `bidmart-auction-service-rust` (bin "profile_bidding_naive" test) generated 1 warning (1 duplicate)
warning: unused import: `bidmart_auction_service_rust::persistence::repositories::OutboxRepository`
 --> src/main.rs:1:5
  |
1 | use bidmart_auction_service_rust::persistence::repositories::OutboxRepository;
  |     ^^^^^^^^^^^^^^^^^^^^^^^^^^^^^^^^^^^^^^^^^^^^^^^^^^^^^^^^^^^^^^^^^^^^^^^^^
  |
  = note: `#[warn(unused_imports)]` (part of `#[warn(unused)]`) on by default

warning: unused import: `bidmart_auction_service_rust::scheduler::auction_closure_scheduler::AuctionClosureScheduler`
 --> src/main.rs:2:5
  |
2 | use bidmart_auction_service_rust::scheduler::auction_closure_scheduler::AuctionClosureScheduler;
  |     ^^^^^^^^^^^^^^^^^^^^^^^^^^^^^^^^^^^^^^^^^^^^^^^^^^^^^^^^^^^^^^^^^^^^^^^^^^^^^^^^^^^^^^^^^^^

warning: unused import: `bidmart_auction_service_rust::scheduler::outbox_scheduler::OutboxScheduler`
 --> src/main.rs:3:5
  |
3 | use bidmart_auction_service_rust::scheduler::outbox_scheduler::OutboxScheduler;
  |     ^^^^^^^^^^^^^^^^^^^^^^^^^^^^^^^^^^^^^^^^^^^^^^^^^^^^^^^^^^^^^^^^^^^^^^^^^^

warning: unused import: `bidmart_auction_service_rust::scheduler::rabbitmq_outbox_publisher::RabbitMqOutboxPublisher`
 --> src/main.rs:4:5
  |
4 | use bidmart_auction_service_rust::scheduler::rabbitmq_outbox_publisher::RabbitMqOutboxPublisher;
  |     ^^^^^^^^^^^^^^^^^^^^^^^^^^^^^^^^^^^^^^^^^^^^^^^^^^^^^^^^^^^^^^^^^^^^^^^^^^^^^^^^^^^^^^^^^^^

warning: unused imports: `resolve_auction_closure_interval_ms`, `resolve_bind_address`, `resolve_database_url`, `resolve_events_exchange`, `resolve_outbox_interval_ms`, and `resolve_rabbitmq_url`
 --> src/main.rs:6:5
  |
6 |     resolve_auction_closure_interval_ms, resolve_bind_address, resolve_database_url,
  |     ^^^^^^^^^^^^^^^^^^^^^^^^^^^^^^^^^^^  ^^^^^^^^^^^^^^^^^^^^  ^^^^^^^^^^^^^^^^^^^^
7 |     resolve_events_exchange, resolve_outbox_interval_ms, resolve_rabbitmq_url,
  |     ^^^^^^^^^^^^^^^^^^^^^^^  ^^^^^^^^^^^^^^^^^^^^^^^^^^  ^^^^^^^^^^^^^^^^^^^^

warning: unused imports: `build_router`, `connect_pool`, and `run_migrations`
  --> src/main.rs:10:5
   |
10 |     build_router, connect_pool, run_migrations,
   |     ^^^^^^^^^^^^  ^^^^^^^^^^^^  ^^^^^^^^^^^^^^

warning: unused import: `dotenvy::from_path`
  --> src/main.rs:12:5
   |
12 | use dotenvy::from_path;
   |     ^^^^^^^^^^^^^^^^^^

warning: unused import: `std::time::Duration`
  --> src/main.rs:13:5
   |
13 | use std::time::Duration;
   |     ^^^^^^^^^^^^^^^^^^^

warning: unused import: `tokio::net::TcpListener`
  --> src/main.rs:14:5
   |
14 | use tokio::net::TcpListener;
   |     ^^^^^^^^^^^^^^^^^^^^^^^

warning: `bidmart-auction-service-rust` (bin "bidmart-auction-service-rust" test) generated 9 warnings (run `cargo fix --bin "bidmart-auction-service-rust" -p bidmart-auction-service-rust --tests` to apply 9 suggestions)
    Finished `test` profile [unoptimized + debuginfo] target(s) in 24.09s
warning: the following packages contain code that will be rejected by a future version of Rust: sqlx-postgres v0.7.4
note: to see what the problems were, use the option `--future-incompat-report`, or run `cargo report future-incompatibilities --id 1`
     Running unittests src/lib.rs (target/debug/deps/bidmart_auction_service_rust-1aa304e242a6902b)

running 0 tests

test result: ok. 0 passed; 0 failed; 0 ignored; 0 measured; 53 filtered out; finished in 0.00s

     Running unittests src/main.rs (target/debug/deps/bidmart_auction_service_rust-989867c89a50ec0a)

running 0 tests

test result: ok. 0 passed; 0 failed; 0 ignored; 0 measured; 0 filtered out; finished in 0.00s

     Running unittests src/bin/profile_bidding.rs (target/debug/deps/profile_bidding-09e9225c79e4b6f0)

running 0 tests

test result: ok. 0 passed; 0 failed; 0 ignored; 0 measured; 1 filtered out; finished in 0.00s

     Running unittests src/bin/profile_bidding_naive.rs (target/debug/deps/profile_bidding_naive-a8eeb0036f1dba64)

running 0 tests

test result: ok. 0 passed; 0 failed; 0 ignored; 0 measured; 3 filtered out; finished in 0.00s

     Running tests/api_tests.rs (target/debug/deps/api_tests-6f6b4e2868770ad8)

running 0 tests

test result: ok. 0 passed; 0 failed; 0 ignored; 0 measured; 22 filtered out; finished in 0.00s

     Running tests/architecture_documentation_tests.rs (target/debug/deps/architecture_documentation_tests-b19fe39556ea345b)

running 0 tests

test result: ok. 0 passed; 0 failed; 0 ignored; 0 measured; 1 filtered out; finished in 0.00s

     Running tests/auction_closure_scheduler_tests.rs (target/debug/deps/auction_closure_scheduler_tests-1589db530d66ca38)

running 0 tests

test result: ok. 0 passed; 0 failed; 0 ignored; 0 measured; 2 filtered out; finished in 0.00s

     Running tests/auction_place_bid.rs (target/debug/deps/auction_place_bid-fdb2d8bfc21a836b)

running 0 tests

test result: ok. 0 passed; 0 failed; 0 ignored; 0 measured; 21 filtered out; finished in 0.00s

     Running tests/auction_strategy_tests.rs (target/debug/deps/auction_strategy_tests-aafc10030ad8cb14)

running 0 tests

test result: ok. 0 passed; 0 failed; 0 ignored; 0 measured; 17 filtered out; finished in 0.00s

     Running tests/bid_concurrency_tests.rs (target/debug/deps/bid_concurrency_tests-0e5ee515c95d328b)

running 0 tests

test result: ok. 0 passed; 0 failed; 0 ignored; 0 measured; 4 filtered out; finished in 0.00s

     Running tests/bid_policy_tests.rs (target/debug/deps/bid_policy_tests-afb608ad7fa1bdcb)

running 0 tests

test result: ok. 0 passed; 0 failed; 0 ignored; 0 measured; 25 filtered out; finished in 0.00s

     Running tests/catalog_http_client_tests.rs (target/debug/deps/catalog_http_client_tests-18e0544014930ef5)

running 0 tests

test result: ok. 0 passed; 0 failed; 0 ignored; 0 measured; 6 filtered out; finished in 0.00s

     Running tests/catalog_integration_tests.rs (target/debug/deps/catalog_integration_tests-21a39a751f8fb03e)

running 0 tests

test result: ok. 0 passed; 0 failed; 0 ignored; 0 measured; 5 filtered out; finished in 0.00s

     Running tests/client_error_tests.rs (target/debug/deps/client_error_tests-0d67b33ebbb29e97)

running 0 tests

test result: ok. 0 passed; 0 failed; 0 ignored; 0 measured; 21 filtered out; finished in 0.00s

     Running tests/close_strategy_tests.rs (target/debug/deps/close_strategy_tests-6f28e4578bcdb209)

running 0 tests

test result: ok. 0 passed; 0 failed; 0 ignored; 0 measured; 2 filtered out; finished in 0.00s

     Running tests/config_tests.rs (target/debug/deps/config_tests-838b76dead23b068)

running 0 tests

test result: ok. 0 passed; 0 failed; 0 ignored; 0 measured; 6 filtered out; finished in 0.00s

     Running tests/domain_model_tests.rs (target/debug/deps/domain_model_tests-44906bca067f4807)

running 0 tests

test result: ok. 0 passed; 0 failed; 0 ignored; 0 measured; 36 filtered out; finished in 0.00s

     Running tests/load_performance_harness_tests.rs (target/debug/deps/load_performance_harness_tests-c8c7d2f78d36a35f)

running 0 tests

test result: ok. 0 passed; 0 failed; 0 ignored; 0 measured; 1 filtered out; finished in 0.00s

     Running tests/metrics_tests.rs (target/debug/deps/metrics_tests-f57e23bedb621a46)

running 0 tests

test result: ok. 0 passed; 0 failed; 0 ignored; 0 measured; 11 filtered out; finished in 0.00s

     Running tests/outbox_event_envelope_tests.rs (target/debug/deps/outbox_event_envelope_tests-cd2332565aa2d579)

running 0 tests

test result: ok. 0 passed; 0 failed; 0 ignored; 0 measured; 16 filtered out; finished in 0.00s

     Running tests/outbox_scheduler_tests.rs (target/debug/deps/outbox_scheduler_tests-9cb439a3f08a606b)

running 0 tests

test result: ok. 0 passed; 0 failed; 0 ignored; 0 measured; 3 filtered out; finished in 0.00s

     Running tests/persistence_tests.rs (target/debug/deps/persistence_tests-f755fcfb3dc6918a)

running 0 tests

test result: ok. 0 passed; 0 failed; 0 ignored; 0 measured; 4 filtered out; finished in 0.00s

     Running tests/platform_connection_tests.rs (target/debug/deps/platform_connection_tests-1b946d46ca767b09)

running 0 tests

test result: ok. 0 passed; 0 failed; 0 ignored; 0 measured; 3 filtered out; finished in 0.00s

     Running tests/profile_bidding_comparison_tests.rs (target/debug/deps/profile_bidding_comparison_tests-3338e28b0cf7f7d3)

running 1 test
# Profiling before/after (domain layer)
generated_at: 2026-05-21T05:06:07Z
workload: 100 bids x 1000 iterations
naive_total_us: 529666
optimized_total_us: 17314
improvement_percent: 96.7
naive_per_bid_ns: 5296
optimized_per_bid_ns: 173

Wrote /Users/muhammadaldofahrezy/Documents/College/Semester 4/3. ADPRO/1. TK/bidmart-project/bidmart-auction-service-rust/artifacts/profiling-before-after.log
test profile_bidding_comparison_naive_vs_optimized ... ok

test result: ok. 1 passed; 0 failed; 0 ignored; 0 measured; 0 filtered out; finished in 0.55s

     Running tests/rabbitmq_outbox_publisher_tests.rs (target/debug/deps/rabbitmq_outbox_publisher_tests-1673af56c28d1568)

running 0 tests

test result: ok. 0 passed; 0 failed; 0 ignored; 0 measured; 5 filtered out; finished in 0.00s

     Running tests/rabbitmq_publisher_tests.rs (target/debug/deps/rabbitmq_publisher_tests-6c1a56cbafb2089b)

running 0 tests

test result: ok. 0 passed; 0 failed; 0 ignored; 0 measured; 10 filtered out; finished in 0.00s

     Running tests/router_error_tests.rs (target/debug/deps/router_error_tests-ca1fb899b0a04c3f)

running 0 tests

test result: ok. 0 passed; 0 failed; 0 ignored; 0 measured; 19 filtered out; finished in 0.00s

     Running tests/scheduler_unit_tests.rs (target/debug/deps/scheduler_unit_tests-85055b112d565264)

running 0 tests

test result: ok. 0 passed; 0 failed; 0 ignored; 0 measured; 8 filtered out; finished in 0.00s

     Running tests/security_headers_tests.rs (target/debug/deps/security_headers_tests-c62cf88ff03773d7)

running 0 tests

test result: ok. 0 passed; 0 failed; 0 ignored; 0 measured; 2 filtered out; finished in 0.00s

     Running tests/server_tests.rs (target/debug/deps/server_tests-b7d1a96b3ed7f89e)

running 0 tests

test result: ok. 0 passed; 0 failed; 0 ignored; 0 measured; 9 filtered out; finished in 0.00s

     Running tests/service_tests.rs (target/debug/deps/service_tests-ede9ad4773ea2d50)

running 0 tests

test result: ok. 0 passed; 0 failed; 0 ignored; 0 measured; 12 filtered out; finished in 0.00s

     Running tests/wallet_http_client_tests.rs (target/debug/deps/wallet_http_client_tests-edbd69278f5a0158)

running 0 tests

test result: ok. 0 passed; 0 failed; 0 ignored; 0 measured; 7 filtered out; finished in 0.00s

     Running tests/wallet_integration_tests.rs (target/debug/deps/wallet_integration_tests-10d86746021997e3)

running 0 tests

test result: ok. 0 passed; 0 failed; 0 ignored; 0 measured; 6 filtered out; finished in 0.00s

